{"level":"info","message":"Starting ThoughtCatcher6 server...","service":"thoughtcatcher6","timestamp":"2025-08-17 08:34:40"}
{"level":"warn","message":"JWT_SECRET not found in env; using development default from config/keys.js","service":"thoughtcatcher6","timestamp":"2025-08-17 08:34:40"}
{"code":"MODULE_NOT_FOUND","level":"error","message":"Uncaught Exception: Cannot find module './routes/logs'\nRequire stack:\n- C:\\Repos\\TC6\\server\\index.js","requireStack":["C:\\Repos\\TC6\\server\\index.js"],"service":"thoughtcatcher6","stack":"Error: Cannot find module './routes/logs'\nRequire stack:\n- C:\\Repos\\TC6\\server\\index.js\n    at Function._resolveFilename (node:internal/modules/cjs/loader:1225:15)\n    at Function._load (node:internal/modules/cjs/loader:1055:27)\n    at TracingChannel.traceSync (node:diagnostics_channel:322:14)\n    at wrapModuleLoad (node:internal/modules/cjs/loader:220:24)\n    at Module.require (node:internal/modules/cjs/loader:1311:12)\n    at require (node:internal/modules/helpers:136:16)\n    at Object.<anonymous> (C:\\Repos\\TC6\\server\\index.js:88:22)\n    at Module._compile (node:internal/modules/cjs/loader:1554:14)\n    at Object..js (node:internal/modules/cjs/loader:1706:10)\n    at Module.load (node:internal/modules/cjs/loader:1289:32)","timestamp":"2025-08-17 08:34:40"}
{"level":"info","message":"Mongoose connected to DB","service":"thoughtcatcher6","timestamp":"2025-08-17 08:34:40"}
{"level":"info","message":"MongoDB connected successfully","service":"thoughtcatcher6","timestamp":"2025-08-17 08:34:40"}
{"level":"info","message":"Starting ThoughtCatcher6 server...","service":"thoughtcatcher6","timestamp":"2025-08-17 08:49:18"}
{"level":"warn","message":"JWT_SECRET not found in env; using development default from config/keys.js","service":"thoughtcatcher6","timestamp":"2025-08-17 08:49:18"}
{"code":"MODULE_NOT_FOUND","level":"error","message":"Uncaught Exception: Cannot find module './routes/logs'\nRequire stack:\n- C:\\Repos\\TC6\\server\\index.js","requireStack":["C:\\Repos\\TC6\\server\\index.js"],"service":"thoughtcatcher6","stack":"Error: Cannot find module './routes/logs'\nRequire stack:\n- C:\\Repos\\TC6\\server\\index.js\n    at Function._resolveFilename (node:internal/modules/cjs/loader:1225:15)\n    at Function._load (node:internal/modules/cjs/loader:1055:27)\n    at TracingChannel.traceSync (node:diagnostics_channel:322:14)\n    at wrapModuleLoad (node:internal/modules/cjs/loader:220:24)\n    at Module.require (node:internal/modules/cjs/loader:1311:12)\n    at require (node:internal/modules/helpers:136:16)\n    at Object.<anonymous> (C:\\Repos\\TC6\\server\\index.js:88:22)\n    at Module._compile (node:internal/modules/cjs/loader:1554:14)\n    at Object..js (node:internal/modules/cjs/loader:1706:10)\n    at Module.load (node:internal/modules/cjs/loader:1289:32)","timestamp":"2025-08-17 08:49:18"}
{"level":"info","message":"Mongoose connected to DB","service":"thoughtcatcher6","timestamp":"2025-08-17 08:49:18"}
{"level":"info","message":"MongoDB connected successfully","service":"thoughtcatcher6","timestamp":"2025-08-17 08:49:18"}
{"level":"info","message":"Starting ThoughtCatcher6 server...","service":"thoughtcatcher6","timestamp":"2025-08-17 12:07:48"}
{"level":"warn","message":"JWT_SECRET not found in env; using development default from config/keys.js","service":"thoughtcatcher6","timestamp":"2025-08-17 12:07:48"}
{"code":"MODULE_NOT_FOUND","level":"error","message":"Uncaught Exception: Cannot find module './routes/logs'\nRequire stack:\n- C:\\Repos\\TC6\\server\\index.js","requireStack":["C:\\Repos\\TC6\\server\\index.js"],"service":"thoughtcatcher6","stack":"Error: Cannot find module './routes/logs'\nRequire stack:\n- C:\\Repos\\TC6\\server\\index.js\n    at Function._resolveFilename (node:internal/modules/cjs/loader:1225:15)\n    at Function._load (node:internal/modules/cjs/loader:1055:27)\n    at TracingChannel.traceSync (node:diagnostics_channel:322:14)\n    at wrapModuleLoad (node:internal/modules/cjs/loader:220:24)\n    at Module.require (node:internal/modules/cjs/loader:1311:12)\n    at require (node:internal/modules/helpers:136:16)\n    at Object.<anonymous> (C:\\Repos\\TC6\\server\\index.js:88:22)\n    at Module._compile (node:internal/modules/cjs/loader:1554:14)\n    at Object..js (node:internal/modules/cjs/loader:1706:10)\n    at Module.load (node:internal/modules/cjs/loader:1289:32)","timestamp":"2025-08-17 12:07:48"}
{"level":"info","message":"Mongoose connected to DB","service":"thoughtcatcher6","timestamp":"2025-08-17 12:07:48"}
{"level":"info","message":"MongoDB connected successfully","service":"thoughtcatcher6","timestamp":"2025-08-17 12:07:48"}
{"level":"info","message":"Starting ThoughtCatcher6 server...","service":"thoughtcatcher6","timestamp":"2025-08-17 12:13:03"}
{"level":"warn","message":"JWT_SECRET not found in env; using development default from config/keys.js","service":"thoughtcatcher6","timestamp":"2025-08-17 12:13:03"}
{"level":"info","message":"Mongoose connected to DB","service":"thoughtcatcher6","timestamp":"2025-08-17 12:13:03"}
{"level":"info","message":"MongoDB connected successfully","service":"thoughtcatcher6","timestamp":"2025-08-17 12:13:03"}
{"level":"info","message":"Starting ThoughtCatcher6 server...","service":"thoughtcatcher6","timestamp":"2025-08-17 13:28:09"}
{"level":"warn","message":"JWT_SECRET not found in env; using development default from config/keys.js","service":"thoughtcatcher6","timestamp":"2025-08-17 13:28:09"}
{"level":"info","message":"Mongoose connected to DB","service":"thoughtcatcher6","timestamp":"2025-08-17 13:28:09"}
{"level":"info","message":"MongoDB connected successfully","service":"thoughtcatcher6","timestamp":"2025-08-17 13:28:09"}
{"level":"info","message":"Starting ThoughtCatcher6 server...","service":"thoughtcatcher6","timestamp":"2025-08-17 13:29:08"}
{"level":"warn","message":"JWT_SECRET not found in env; using development default from config/keys.js","service":"thoughtcatcher6","timestamp":"2025-08-17 13:29:08"}
{"level":"info","message":"Mongoose connected to DB","service":"thoughtcatcher6","timestamp":"2025-08-17 13:29:08"}
{"level":"info","message":"MongoDB connected successfully","service":"thoughtcatcher6","timestamp":"2025-08-17 13:29:08"}
{"level":"info","message":"Starting ThoughtCatcher6 server...","service":"thoughtcatcher6","timestamp":"2025-08-17 13:50:56"}
{"level":"warn","message":"JWT_SECRET not found in env; using development default from config/keys.js","service":"thoughtcatcher6","timestamp":"2025-08-17 13:50:56"}
{"level":"info","message":"Mongoose connected to DB","service":"thoughtcatcher6","timestamp":"2025-08-17 13:50:56"}
{"level":"info","message":"MongoDB connected successfully","service":"thoughtcatcher6","timestamp":"2025-08-17 13:50:56"}
{"level":"info","message":"Starting ThoughtCatcher6 server...","service":"thoughtcatcher6","timestamp":"2025-08-17 13:51:13"}
{"level":"warn","message":"JWT_SECRET not found in env; using development default from config/keys.js","service":"thoughtcatcher6","timestamp":"2025-08-17 13:51:13"}
{"level":"info","message":"Mongoose connected to DB","service":"thoughtcatcher6","timestamp":"2025-08-17 13:51:13"}
{"level":"info","message":"MongoDB connected successfully","service":"thoughtcatcher6","timestamp":"2025-08-17 13:51:13"}
{"level":"info","message":"Starting ThoughtCatcher6 server...","service":"thoughtcatcher6","timestamp":"2025-08-17 13:53:13"}
{"level":"warn","message":"JWT_SECRET not found in env; using development default from config/keys.js","service":"thoughtcatcher6","timestamp":"2025-08-17 13:53:13"}
{"level":"info","message":"Mongoose connected to DB","service":"thoughtcatcher6","timestamp":"2025-08-17 13:53:14"}
{"level":"info","message":"MongoDB connected successfully","service":"thoughtcatcher6","timestamp":"2025-08-17 13:53:14"}
{"level":"info","message":"Starting ThoughtCatcher6 server...","service":"thoughtcatcher6","timestamp":"2025-08-17 14:13:12"}
{"level":"warn","message":"JWT_SECRET not found in env; using development default from config/keys.js","service":"thoughtcatcher6","timestamp":"2025-08-17 14:13:12"}
{"level":"info","message":"Mongoose connected to DB","service":"thoughtcatcher6","timestamp":"2025-08-17 14:13:12"}
{"level":"info","message":"MongoDB connected successfully","service":"thoughtcatcher6","timestamp":"2025-08-17 14:13:12"}
