{"level":"info","message":"Starting ThoughtCatcher6 server...","service":"thoughtcatcher6","timestamp":"2025-08-08 09:05:06"}
{"code":"MODULE_NOT_FOUND","level":"error","message":"Uncaught Exception: Cannot find module '../config/logger'\nRequire stack:\n- C:\\Repos\\TC6\\server\\routes\\api\\users.js\n- C:\\Repos\\TC6\\server\\index.js","requireStack":["C:\\Repos\\TC6\\server\\routes\\api\\users.js","C:\\Repos\\TC6\\server\\index.js"],"service":"thoughtcatcher6","stack":"Error: Cannot find module '../config/logger'\nRequire stack:\n- C:\\Repos\\TC6\\server\\routes\\api\\users.js\n- C:\\Repos\\TC6\\server\\index.js\n    at Function._resolveFilename (node:internal/modules/cjs/loader:1225:15)\n    at Function._load (node:internal/modules/cjs/loader:1055:27)\n    at TracingChannel.traceSync (node:diagnostics_channel:322:14)\n    at wrapModuleLoad (node:internal/modules/cjs/loader:220:24)\n    at Module.require (node:internal/modules/cjs/loader:1311:12)\n    at require (node:internal/modules/helpers:136:16)\n    at Object.<anonymous> (C:\\Repos\\TC6\\server\\routes\\api\\users.js:7:16)\n    at Module._compile (node:internal/modules/cjs/loader:1554:14)\n    at Object..js (node:internal/modules/cjs/loader:1706:10)\n    at Module.load (node:internal/modules/cjs/loader:1289:32)","timestamp":"2025-08-08 09:05:06"}
{"level":"info","message":"Mongoose connected to DB","service":"thoughtcatcher6","timestamp":"2025-08-08 09:05:06"}
{"level":"info","message":"MongoDB connected successfully","service":"thoughtcatcher6","timestamp":"2025-08-08 09:05:06"}
{"level":"info","message":"Starting ThoughtCatcher6 server...","service":"thoughtcatcher6","timestamp":"2025-08-08 10:09:30"}
{"code":"MODULE_NOT_FOUND","level":"error","message":"Uncaught Exception: Cannot find module '../config/logger'\nRequire stack:\n- C:\\Repos\\TC6\\server\\routes\\api\\users.js\n- C:\\Repos\\TC6\\server\\index.js","requireStack":["C:\\Repos\\TC6\\server\\routes\\api\\users.js","C:\\Repos\\TC6\\server\\index.js"],"service":"thoughtcatcher6","stack":"Error: Cannot find module '../config/logger'\nRequire stack:\n- C:\\Repos\\TC6\\server\\routes\\api\\users.js\n- C:\\Repos\\TC6\\server\\index.js\n    at Function._resolveFilename (node:internal/modules/cjs/loader:1225:15)\n    at Function._load (node:internal/modules/cjs/loader:1055:27)\n    at TracingChannel.traceSync (node:diagnostics_channel:322:14)\n    at wrapModuleLoad (node:internal/modules/cjs/loader:220:24)\n    at Module.require (node:internal/modules/cjs/loader:1311:12)\n    at require (node:internal/modules/helpers:136:16)\n    at Object.<anonymous> (C:\\Repos\\TC6\\server\\routes\\api\\users.js:7:16)\n    at Module._compile (node:internal/modules/cjs/loader:1554:14)\n    at Object..js (node:internal/modules/cjs/loader:1706:10)\n    at Module.load (node:internal/modules/cjs/loader:1289:32)","timestamp":"2025-08-08 10:09:30"}
{"level":"info","message":"Mongoose connected to DB","service":"thoughtcatcher6","timestamp":"2025-08-08 10:09:30"}
{"level":"info","message":"MongoDB connected successfully","service":"thoughtcatcher6","timestamp":"2025-08-08 10:09:30"}
{"level":"info","message":"Starting ThoughtCatcher6 server...","service":"thoughtcatcher6","timestamp":"2025-08-08 11:20:35"}
{"code":"MODULE_NOT_FOUND","level":"error","message":"Uncaught Exception: Cannot find module '../config/logger'\nRequire stack:\n- C:\\Repos\\TC6\\server\\routes\\api\\users.js\n- C:\\Repos\\TC6\\server\\index.js","requireStack":["C:\\Repos\\TC6\\server\\routes\\api\\users.js","C:\\Repos\\TC6\\server\\index.js"],"service":"thoughtcatcher6","stack":"Error: Cannot find module '../config/logger'\nRequire stack:\n- C:\\Repos\\TC6\\server\\routes\\api\\users.js\n- C:\\Repos\\TC6\\server\\index.js\n    at Function._resolveFilename (node:internal/modules/cjs/loader:1225:15)\n    at Function._load (node:internal/modules/cjs/loader:1055:27)\n    at TracingChannel.traceSync (node:diagnostics_channel:322:14)\n    at wrapModuleLoad (node:internal/modules/cjs/loader:220:24)\n    at Module.require (node:internal/modules/cjs/loader:1311:12)\n    at require (node:internal/modules/helpers:136:16)\n    at Object.<anonymous> (C:\\Repos\\TC6\\server\\routes\\api\\users.js:7:16)\n    at Module._compile (node:internal/modules/cjs/loader:1554:14)\n    at Object..js (node:internal/modules/cjs/loader:1706:10)\n    at Module.load (node:internal/modules/cjs/loader:1289:32)","timestamp":"2025-08-08 11:20:35"}
{"level":"info","message":"Mongoose connected to DB","service":"thoughtcatcher6","timestamp":"2025-08-08 11:20:35"}
{"level":"info","message":"MongoDB connected successfully","service":"thoughtcatcher6","timestamp":"2025-08-08 11:20:35"}
{"level":"info","message":"Starting ThoughtCatcher6 server...","service":"thoughtcatcher6","timestamp":"2025-08-08 11:21:41"}
{"code":"MODULE_NOT_FOUND","level":"error","message":"Uncaught Exception: Cannot find module '../config/logger'\nRequire stack:\n- C:\\Repos\\TC6\\server\\routes\\api\\users.js\n- C:\\Repos\\TC6\\server\\index.js","requireStack":["C:\\Repos\\TC6\\server\\routes\\api\\users.js","C:\\Repos\\TC6\\server\\index.js"],"service":"thoughtcatcher6","stack":"Error: Cannot find module '../config/logger'\nRequire stack:\n- C:\\Repos\\TC6\\server\\routes\\api\\users.js\n- C:\\Repos\\TC6\\server\\index.js\n    at Function._resolveFilename (node:internal/modules/cjs/loader:1225:15)\n    at Function._load (node:internal/modules/cjs/loader:1055:27)\n    at TracingChannel.traceSync (node:diagnostics_channel:322:14)\n    at wrapModuleLoad (node:internal/modules/cjs/loader:220:24)\n    at Module.require (node:internal/modules/cjs/loader:1311:12)\n    at require (node:internal/modules/helpers:136:16)\n    at Object.<anonymous> (C:\\Repos\\TC6\\server\\routes\\api\\users.js:7:16)\n    at Module._compile (node:internal/modules/cjs/loader:1554:14)\n    at Object..js (node:internal/modules/cjs/loader:1706:10)\n    at Module.load (node:internal/modules/cjs/loader:1289:32)","timestamp":"2025-08-08 11:21:41"}
{"level":"info","message":"Mongoose connected to DB","service":"thoughtcatcher6","timestamp":"2025-08-08 11:21:41"}
{"level":"info","message":"MongoDB connected successfully","service":"thoughtcatcher6","timestamp":"2025-08-08 11:21:41"}
{"level":"info","message":"Starting ThoughtCatcher6 server...","service":"thoughtcatcher6","timestamp":"2025-08-08 11:40:26"}
{"level":"info","message":"Mongoose connected to DB","service":"thoughtcatcher6","timestamp":"2025-08-08 11:40:26"}
{"level":"info","message":"MongoDB connected successfully","service":"thoughtcatcher6","timestamp":"2025-08-08 11:40:26"}
{"error":{},"level":"error","message":"JWT Login Error","service":"thoughtcatcher6","timestamp":"2025-08-08 11:40:47"}
{"error":{},"level":"error","message":"JWT Login Error","service":"thoughtcatcher6","timestamp":"2025-08-08 11:40:55"}
{"level":"info","message":"Starting ThoughtCatcher6 server...","service":"thoughtcatcher6","timestamp":"2025-08-08 11:45:24"}
{"level":"warn","message":"JWT_SECRET not found in env; using development default from config/keys.js","service":"thoughtcatcher6","timestamp":"2025-08-08 11:45:24"}
{"level":"info","message":"Mongoose connected to DB","service":"thoughtcatcher6","timestamp":"2025-08-08 11:45:24"}
{"level":"info","message":"MongoDB connected successfully","service":"thoughtcatcher6","timestamp":"2025-08-08 11:45:24"}
