{"level":"info","message":"=== LOGGING TEST START ===","service":"thoughtcatcher6","timestamp":"2025-08-06 16:56:36"}
{"action":"test_logging","level":"debug","message":"This is a debug message with details","service":"thoughtcatcher6","timestamp":"2025-08-06 16:56:36","userId":"test123"}
{"level":"info","message":"This is an info message","service":"thoughtcatcher6","timestamp":"2025-08-06 16:56:36"}
{"component":"logging-test","level":"warn","message":"This is a warning message","service":"thoughtcatcher6","timestamp":"2025-08-06 16:56:36","warning":"Test warning"}
{"component":"logging-test","error":"Test error","level":"error","message":"This is an error message","service":"thoughtcatcher6","stack":"Simulated stack trace","timestamp":"2025-08-06 16:56:36"}
{"level":"info","message":"=== LOGGING TEST END ===","service":"thoughtcatcher6","timestamp":"2025-08-06 16:56:36"}
{"level":"info","message":"=== LOGGING TEST START ===","service":"thoughtcatcher6","timestamp":"2025-08-06 16:58:06"}
{"action":"test_logging","level":"debug","message":"This is a debug message with details","service":"thoughtcatcher6","timestamp":"2025-08-06 16:58:06","userId":"test123"}
{"level":"info","message":"This is an info message","service":"thoughtcatcher6","timestamp":"2025-08-06 16:58:06"}
{"component":"logging-test","level":"warn","message":"This is a warning message","service":"thoughtcatcher6","timestamp":"2025-08-06 16:58:06","warning":"Test warning"}
{"component":"logging-test","error":"Test error","level":"error","message":"This is an error message","service":"thoughtcatcher6","stack":"Simulated stack trace","timestamp":"2025-08-06 16:58:06"}
{"level":"info","message":"=== LOGGING TEST END ===","service":"thoughtcatcher6","timestamp":"2025-08-06 16:58:06"}
{"level":"info","message":"=== LOGGING TEST START ===","service":"thoughtcatcher6","timestamp":"2025-08-06 16:58:40"}
{"action":"test_logging","level":"debug","message":"This is a debug message with details","service":"thoughtcatcher6","timestamp":"2025-08-06 16:58:40","userId":"test123"}
{"level":"info","message":"This is an info message","service":"thoughtcatcher6","timestamp":"2025-08-06 16:58:40"}
{"component":"logging-test","level":"warn","message":"This is a warning message","service":"thoughtcatcher6","timestamp":"2025-08-06 16:58:40","warning":"Test warning"}
{"component":"logging-test","error":"Test error","level":"error","message":"This is an error message","service":"thoughtcatcher6","stack":"Simulated stack trace","timestamp":"2025-08-06 16:58:40"}
{"level":"info","message":"=== LOGGING TEST END ===","service":"thoughtcatcher6","timestamp":"2025-08-06 16:58:40"}
{"level":"info","message":"Starting ThoughtCatcher6 server...","service":"thoughtcatcher6","timestamp":"2025-08-08 09:05:06"}
{"level":"debug","message":"Environment variables loaded","service":"thoughtcatcher6","timestamp":"2025-08-08 09:05:06"}
{"level":"debug","message":"NODE_ENV: development","service":"thoughtcatcher6","timestamp":"2025-08-08 09:05:06"}
{"level":"debug","message":"JWT_SECRET: Not set","service":"thoughtcatcher6","timestamp":"2025-08-08 09:05:06"}
{"code":"MODULE_NOT_FOUND","level":"error","message":"Uncaught Exception: Cannot find module '../config/logger'\nRequire stack:\n- C:\\Repos\\TC6\\server\\routes\\api\\users.js\n- C:\\Repos\\TC6\\server\\index.js","requireStack":["C:\\Repos\\TC6\\server\\routes\\api\\users.js","C:\\Repos\\TC6\\server\\index.js"],"service":"thoughtcatcher6","stack":"Error: Cannot find module '../config/logger'\nRequire stack:\n- C:\\Repos\\TC6\\server\\routes\\api\\users.js\n- C:\\Repos\\TC6\\server\\index.js\n    at Function._resolveFilename (node:internal/modules/cjs/loader:1225:15)\n    at Function._load (node:internal/modules/cjs/loader:1055:27)\n    at TracingChannel.traceSync (node:diagnostics_channel:322:14)\n    at wrapModuleLoad (node:internal/modules/cjs/loader:220:24)\n    at Module.require (node:internal/modules/cjs/loader:1311:12)\n    at require (node:internal/modules/helpers:136:16)\n    at Object.<anonymous> (C:\\Repos\\TC6\\server\\routes\\api\\users.js:7:16)\n    at Module._compile (node:internal/modules/cjs/loader:1554:14)\n    at Object..js (node:internal/modules/cjs/loader:1706:10)\n    at Module.load (node:internal/modules/cjs/loader:1289:32)","timestamp":"2025-08-08 09:05:06"}
{"level":"info","message":"Mongoose connected to DB","service":"thoughtcatcher6","timestamp":"2025-08-08 09:05:06"}
{"level":"info","message":"MongoDB connected successfully","service":"thoughtcatcher6","timestamp":"2025-08-08 09:05:06"}
{"level":"debug","message":"Connected to database: mongodb://localhost:27017/tc6","service":"thoughtcatcher6","timestamp":"2025-08-08 09:05:06"}
{"level":"info","message":"Starting ThoughtCatcher6 server...","service":"thoughtcatcher6","timestamp":"2025-08-08 10:09:30"}
{"level":"debug","message":"Environment variables loaded","service":"thoughtcatcher6","timestamp":"2025-08-08 10:09:30"}
{"level":"debug","message":"NODE_ENV: development","service":"thoughtcatcher6","timestamp":"2025-08-08 10:09:30"}
{"level":"debug","message":"JWT_SECRET: Not set","service":"thoughtcatcher6","timestamp":"2025-08-08 10:09:30"}
{"code":"MODULE_NOT_FOUND","level":"error","message":"Uncaught Exception: Cannot find module '../config/logger'\nRequire stack:\n- C:\\Repos\\TC6\\server\\routes\\api\\users.js\n- C:\\Repos\\TC6\\server\\index.js","requireStack":["C:\\Repos\\TC6\\server\\routes\\api\\users.js","C:\\Repos\\TC6\\server\\index.js"],"service":"thoughtcatcher6","stack":"Error: Cannot find module '../config/logger'\nRequire stack:\n- C:\\Repos\\TC6\\server\\routes\\api\\users.js\n- C:\\Repos\\TC6\\server\\index.js\n    at Function._resolveFilename (node:internal/modules/cjs/loader:1225:15)\n    at Function._load (node:internal/modules/cjs/loader:1055:27)\n    at TracingChannel.traceSync (node:diagnostics_channel:322:14)\n    at wrapModuleLoad (node:internal/modules/cjs/loader:220:24)\n    at Module.require (node:internal/modules/cjs/loader:1311:12)\n    at require (node:internal/modules/helpers:136:16)\n    at Object.<anonymous> (C:\\Repos\\TC6\\server\\routes\\api\\users.js:7:16)\n    at Module._compile (node:internal/modules/cjs/loader:1554:14)\n    at Object..js (node:internal/modules/cjs/loader:1706:10)\n    at Module.load (node:internal/modules/cjs/loader:1289:32)","timestamp":"2025-08-08 10:09:30"}
{"level":"info","message":"Mongoose connected to DB","service":"thoughtcatcher6","timestamp":"2025-08-08 10:09:30"}
{"level":"info","message":"MongoDB connected successfully","service":"thoughtcatcher6","timestamp":"2025-08-08 10:09:30"}
{"level":"debug","message":"Connected to database: mongodb://localhost:27017/tc6","service":"thoughtcatcher6","timestamp":"2025-08-08 10:09:30"}
{"level":"info","message":"Starting ThoughtCatcher6 server...","service":"thoughtcatcher6","timestamp":"2025-08-08 11:20:35"}
{"level":"debug","message":"Environment variables loaded","service":"thoughtcatcher6","timestamp":"2025-08-08 11:20:35"}
{"level":"debug","message":"NODE_ENV: development","service":"thoughtcatcher6","timestamp":"2025-08-08 11:20:35"}
{"level":"debug","message":"JWT_SECRET: Not set","service":"thoughtcatcher6","timestamp":"2025-08-08 11:20:35"}
{"code":"MODULE_NOT_FOUND","level":"error","message":"Uncaught Exception: Cannot find module '../config/logger'\nRequire stack:\n- C:\\Repos\\TC6\\server\\routes\\api\\users.js\n- C:\\Repos\\TC6\\server\\index.js","requireStack":["C:\\Repos\\TC6\\server\\routes\\api\\users.js","C:\\Repos\\TC6\\server\\index.js"],"service":"thoughtcatcher6","stack":"Error: Cannot find module '../config/logger'\nRequire stack:\n- C:\\Repos\\TC6\\server\\routes\\api\\users.js\n- C:\\Repos\\TC6\\server\\index.js\n    at Function._resolveFilename (node:internal/modules/cjs/loader:1225:15)\n    at Function._load (node:internal/modules/cjs/loader:1055:27)\n    at TracingChannel.traceSync (node:diagnostics_channel:322:14)\n    at wrapModuleLoad (node:internal/modules/cjs/loader:220:24)\n    at Module.require (node:internal/modules/cjs/loader:1311:12)\n    at require (node:internal/modules/helpers:136:16)\n    at Object.<anonymous> (C:\\Repos\\TC6\\server\\routes\\api\\users.js:7:16)\n    at Module._compile (node:internal/modules/cjs/loader:1554:14)\n    at Object..js (node:internal/modules/cjs/loader:1706:10)\n    at Module.load (node:internal/modules/cjs/loader:1289:32)","timestamp":"2025-08-08 11:20:35"}
{"level":"info","message":"Mongoose connected to DB","service":"thoughtcatcher6","timestamp":"2025-08-08 11:20:35"}
{"level":"info","message":"MongoDB connected successfully","service":"thoughtcatcher6","timestamp":"2025-08-08 11:20:35"}
{"level":"debug","message":"Connected to database: mongodb://localhost:27017/tc6","service":"thoughtcatcher6","timestamp":"2025-08-08 11:20:35"}
{"level":"info","message":"Starting ThoughtCatcher6 server...","service":"thoughtcatcher6","timestamp":"2025-08-08 11:21:41"}
{"level":"debug","message":"Environment variables loaded","service":"thoughtcatcher6","timestamp":"2025-08-08 11:21:41"}
{"level":"debug","message":"NODE_ENV: development","service":"thoughtcatcher6","timestamp":"2025-08-08 11:21:41"}
{"level":"debug","message":"JWT_SECRET: Not set","service":"thoughtcatcher6","timestamp":"2025-08-08 11:21:41"}
{"code":"MODULE_NOT_FOUND","level":"error","message":"Uncaught Exception: Cannot find module '../config/logger'\nRequire stack:\n- C:\\Repos\\TC6\\server\\routes\\api\\users.js\n- C:\\Repos\\TC6\\server\\index.js","requireStack":["C:\\Repos\\TC6\\server\\routes\\api\\users.js","C:\\Repos\\TC6\\server\\index.js"],"service":"thoughtcatcher6","stack":"Error: Cannot find module '../config/logger'\nRequire stack:\n- C:\\Repos\\TC6\\server\\routes\\api\\users.js\n- C:\\Repos\\TC6\\server\\index.js\n    at Function._resolveFilename (node:internal/modules/cjs/loader:1225:15)\n    at Function._load (node:internal/modules/cjs/loader:1055:27)\n    at TracingChannel.traceSync (node:diagnostics_channel:322:14)\n    at wrapModuleLoad (node:internal/modules/cjs/loader:220:24)\n    at Module.require (node:internal/modules/cjs/loader:1311:12)\n    at require (node:internal/modules/helpers:136:16)\n    at Object.<anonymous> (C:\\Repos\\TC6\\server\\routes\\api\\users.js:7:16)\n    at Module._compile (node:internal/modules/cjs/loader:1554:14)\n    at Object..js (node:internal/modules/cjs/loader:1706:10)\n    at Module.load (node:internal/modules/cjs/loader:1289:32)","timestamp":"2025-08-08 11:21:41"}
{"level":"info","message":"Mongoose connected to DB","service":"thoughtcatcher6","timestamp":"2025-08-08 11:21:41"}
{"level":"info","message":"MongoDB connected successfully","service":"thoughtcatcher6","timestamp":"2025-08-08 11:21:41"}
{"level":"debug","message":"Connected to database: mongodb://localhost:27017/tc6","service":"thoughtcatcher6","timestamp":"2025-08-08 11:21:41"}
{"level":"info","message":"Starting ThoughtCatcher6 server...","service":"thoughtcatcher6","timestamp":"2025-08-08 11:40:26"}
{"level":"debug","message":"Environment variables loaded","service":"thoughtcatcher6","timestamp":"2025-08-08 11:40:26"}
{"level":"debug","message":"NODE_ENV: development","service":"thoughtcatcher6","timestamp":"2025-08-08 11:40:26"}
{"level":"debug","message":"JWT_SECRET: Not set","service":"thoughtcatcher6","timestamp":"2025-08-08 11:40:26"}
{"level":"info","message":"Mongoose connected to DB","service":"thoughtcatcher6","timestamp":"2025-08-08 11:40:26"}
{"level":"info","message":"MongoDB connected successfully","service":"thoughtcatcher6","timestamp":"2025-08-08 11:40:26"}
{"level":"debug","message":"Connected to database: mongodb://localhost:27017/tc6","service":"thoughtcatcher6","timestamp":"2025-08-08 11:40:26"}
{"level":"http","message":"::1 - - [08/Aug/2025:15:40:38 +0000] \"OPTIONS /api/users/login HTTP/1.1\" 204 0 \"http://localhost:3670/\" \"Mozilla/5.0 (Windows NT 10.0; Win64; x64) AppleWebKit/537.36 (KHTML, like Gecko) Chrome/138.0.0.0 Safari/537.36 Edg/138.0.0.0\"","service":"thoughtcatcher6","timestamp":"2025-08-08 11:40:38"}
{"body":{"email":"jane@example.com","password":"ee"},"headers":{"accept":"*/*","accept-encoding":"gzip, deflate, br, zstd","accept-language":"en-US,en;q=0.9","connection":"keep-alive","content-length":"44","content-type":"application/json","host":"localhost:3671","origin":"http://localhost:3670","referer":"http://localhost:3670/","sec-ch-ua":"\"Not)A;Brand\";v=\"8\", \"Chromium\";v=\"138\", \"Microsoft Edge\";v=\"138\"","sec-ch-ua-mobile":"?0","sec-ch-ua-platform":"\"Windows\"","sec-fetch-dest":"empty","sec-fetch-mode":"cors","sec-fetch-site":"same-site","user-agent":"Mozilla/5.0 (Windows NT 10.0; Win64; x64) AppleWebKit/537.36 (KHTML, like Gecko) Chrome/138.0.0.0 Safari/537.36 Edg/138.0.0.0"},"level":"debug","message":"Incoming request: POST /api/users/login","query":{},"service":"thoughtcatcher6","timestamp":"2025-08-08 11:40:38"}
{"level":"http","message":"::1 - - [08/Aug/2025:15:40:38 +0000] \"POST /api/users/login HTTP/1.1\" 400 42 \"http://localhost:3670/\" \"Mozilla/5.0 (Windows NT 10.0; Win64; x64) AppleWebKit/537.36 (KHTML, like Gecko) Chrome/138.0.0.0 Safari/537.36 Edg/138.0.0.0\"","service":"thoughtcatcher6","timestamp":"2025-08-08 11:40:38"}
{"level":"http","message":"::1 - - [08/Aug/2025:15:40:47 +0000] \"OPTIONS /api/users/login HTTP/1.1\" 204 0 \"http://localhost:3670/\" \"Mozilla/5.0 (Windows NT 10.0; Win64; x64) AppleWebKit/537.36 (KHTML, like Gecko) Chrome/138.0.0.0 Safari/537.36 Edg/138.0.0.0\"","service":"thoughtcatcher6","timestamp":"2025-08-08 11:40:47"}
{"body":{"email":"jane@example.com","password":"mypass456"},"headers":{"accept":"*/*","accept-encoding":"gzip, deflate, br, zstd","accept-language":"en-US,en;q=0.9","connection":"keep-alive","content-length":"51","content-type":"application/json","host":"localhost:3671","origin":"http://localhost:3670","referer":"http://localhost:3670/","sec-ch-ua":"\"Not)A;Brand\";v=\"8\", \"Chromium\";v=\"138\", \"Microsoft Edge\";v=\"138\"","sec-ch-ua-mobile":"?0","sec-ch-ua-platform":"\"Windows\"","sec-fetch-dest":"empty","sec-fetch-mode":"cors","sec-fetch-site":"same-site","user-agent":"Mozilla/5.0 (Windows NT 10.0; Win64; x64) AppleWebKit/537.36 (KHTML, like Gecko) Chrome/138.0.0.0 Safari/537.36 Edg/138.0.0.0"},"level":"debug","message":"Incoming request: POST /api/users/login","query":{},"service":"thoughtcatcher6","timestamp":"2025-08-08 11:40:47"}
{"error":{},"level":"error","message":"JWT Login Error","service":"thoughtcatcher6","timestamp":"2025-08-08 11:40:47"}
{"level":"http","message":"::1 - - [08/Aug/2025:15:40:47 +0000] \"POST /api/users/login HTTP/1.1\" 500 32 \"http://localhost:3670/\" \"Mozilla/5.0 (Windows NT 10.0; Win64; x64) AppleWebKit/537.36 (KHTML, like Gecko) Chrome/138.0.0.0 Safari/537.36 Edg/138.0.0.0\"","service":"thoughtcatcher6","timestamp":"2025-08-08 11:40:47"}
{"level":"http","message":"::1 - - [08/Aug/2025:15:40:55 +0000] \"OPTIONS /api/users/login HTTP/1.1\" 204 0 \"http://localhost:3670/\" \"Mozilla/5.0 (Windows NT 10.0; Win64; x64) AppleWebKit/537.36 (KHTML, like Gecko) Chrome/138.0.0.0 Safari/537.36 Edg/138.0.0.0\"","service":"thoughtcatcher6","timestamp":"2025-08-08 11:40:55"}
{"body":{"email":"jane@example.com","password":"mypass456"},"headers":{"accept":"*/*","accept-encoding":"gzip, deflate, br, zstd","accept-language":"en-US,en;q=0.9","connection":"keep-alive","content-length":"51","content-type":"application/json","host":"localhost:3671","origin":"http://localhost:3670","referer":"http://localhost:3670/","sec-ch-ua":"\"Not)A;Brand\";v=\"8\", \"Chromium\";v=\"138\", \"Microsoft Edge\";v=\"138\"","sec-ch-ua-mobile":"?0","sec-ch-ua-platform":"\"Windows\"","sec-fetch-dest":"empty","sec-fetch-mode":"cors","sec-fetch-site":"same-site","user-agent":"Mozilla/5.0 (Windows NT 10.0; Win64; x64) AppleWebKit/537.36 (KHTML, like Gecko) Chrome/138.0.0.0 Safari/537.36 Edg/138.0.0.0"},"level":"debug","message":"Incoming request: POST /api/users/login","query":{},"service":"thoughtcatcher6","timestamp":"2025-08-08 11:40:55"}
{"error":{},"level":"error","message":"JWT Login Error","service":"thoughtcatcher6","timestamp":"2025-08-08 11:40:55"}
{"level":"http","message":"::1 - - [08/Aug/2025:15:40:55 +0000] \"POST /api/users/login HTTP/1.1\" 500 32 \"http://localhost:3670/\" \"Mozilla/5.0 (Windows NT 10.0; Win64; x64) AppleWebKit/537.36 (KHTML, like Gecko) Chrome/138.0.0.0 Safari/537.36 Edg/138.0.0.0\"","service":"thoughtcatcher6","timestamp":"2025-08-08 11:40:55"}
{"level":"info","message":"Starting ThoughtCatcher6 server...","service":"thoughtcatcher6","timestamp":"2025-08-08 11:45:24"}
{"level":"debug","message":"Environment variables loaded","service":"thoughtcatcher6","timestamp":"2025-08-08 11:45:24"}
{"level":"debug","message":"NODE_ENV: development","service":"thoughtcatcher6","timestamp":"2025-08-08 11:45:24"}
{"level":"warn","message":"JWT_SECRET not found in env; using development default from config/keys.js","service":"thoughtcatcher6","timestamp":"2025-08-08 11:45:24"}
{"level":"debug","message":"JWT_SECRET: Set","service":"thoughtcatcher6","timestamp":"2025-08-08 11:45:24"}
{"level":"info","message":"Mongoose connected to DB","service":"thoughtcatcher6","timestamp":"2025-08-08 11:45:24"}
{"level":"info","message":"MongoDB connected successfully","service":"thoughtcatcher6","timestamp":"2025-08-08 11:45:24"}
{"level":"debug","message":"Connected to database: mongodb://localhost:27017/tc6","service":"thoughtcatcher6","timestamp":"2025-08-08 11:45:24"}
{"level":"http","message":"::1 - - [08/Aug/2025:15:45:35 +0000] \"OPTIONS /api/users/login HTTP/1.1\" 204 0 \"http://localhost:3670/\" \"Mozilla/5.0 (Windows NT 10.0; Win64; x64) AppleWebKit/537.36 (KHTML, like Gecko) Chrome/138.0.0.0 Safari/537.36 Edg/138.0.0.0\"","service":"thoughtcatcher6","timestamp":"2025-08-08 11:45:35"}
{"body":{"email":"jane@example.com","password":"rr"},"headers":{"accept":"*/*","accept-encoding":"gzip, deflate, br, zstd","accept-language":"en-US,en;q=0.9","connection":"keep-alive","content-length":"44","content-type":"application/json","host":"localhost:3671","origin":"http://localhost:3670","referer":"http://localhost:3670/","sec-ch-ua":"\"Not)A;Brand\";v=\"8\", \"Chromium\";v=\"138\", \"Microsoft Edge\";v=\"138\"","sec-ch-ua-mobile":"?0","sec-ch-ua-platform":"\"Windows\"","sec-fetch-dest":"empty","sec-fetch-mode":"cors","sec-fetch-site":"same-site","user-agent":"Mozilla/5.0 (Windows NT 10.0; Win64; x64) AppleWebKit/537.36 (KHTML, like Gecko) Chrome/138.0.0.0 Safari/537.36 Edg/138.0.0.0"},"level":"debug","message":"Incoming request: POST /api/users/login","query":{},"service":"thoughtcatcher6","timestamp":"2025-08-08 11:45:35"}
{"level":"http","message":"::1 - - [08/Aug/2025:15:45:36 +0000] \"POST /api/users/login HTTP/1.1\" 400 42 \"http://localhost:3670/\" \"Mozilla/5.0 (Windows NT 10.0; Win64; x64) AppleWebKit/537.36 (KHTML, like Gecko) Chrome/138.0.0.0 Safari/537.36 Edg/138.0.0.0\"","service":"thoughtcatcher6","timestamp":"2025-08-08 11:45:36"}
{"level":"http","message":"::1 - - [08/Aug/2025:15:45:45 +0000] \"OPTIONS /api/users/login HTTP/1.1\" 204 0 \"http://localhost:3670/\" \"Mozilla/5.0 (Windows NT 10.0; Win64; x64) AppleWebKit/537.36 (KHTML, like Gecko) Chrome/138.0.0.0 Safari/537.36 Edg/138.0.0.0\"","service":"thoughtcatcher6","timestamp":"2025-08-08 11:45:45"}
{"body":{"email":"jane@example.com","password":"mypass456"},"headers":{"accept":"*/*","accept-encoding":"gzip, deflate, br, zstd","accept-language":"en-US,en;q=0.9","connection":"keep-alive","content-length":"51","content-type":"application/json","host":"localhost:3671","origin":"http://localhost:3670","referer":"http://localhost:3670/","sec-ch-ua":"\"Not)A;Brand\";v=\"8\", \"Chromium\";v=\"138\", \"Microsoft Edge\";v=\"138\"","sec-ch-ua-mobile":"?0","sec-ch-ua-platform":"\"Windows\"","sec-fetch-dest":"empty","sec-fetch-mode":"cors","sec-fetch-site":"same-site","user-agent":"Mozilla/5.0 (Windows NT 10.0; Win64; x64) AppleWebKit/537.36 (KHTML, like Gecko) Chrome/138.0.0.0 Safari/537.36 Edg/138.0.0.0"},"level":"debug","message":"Incoming request: POST /api/users/login","query":{},"service":"thoughtcatcher6","timestamp":"2025-08-08 11:45:45"}
{"level":"http","message":"::1 - - [08/Aug/2025:15:45:45 +0000] \"POST /api/users/login HTTP/1.1\" 200 287 \"http://localhost:3670/\" \"Mozilla/5.0 (Windows NT 10.0; Win64; x64) AppleWebKit/537.36 (KHTML, like Gecko) Chrome/138.0.0.0 Safari/537.36 Edg/138.0.0.0\"","service":"thoughtcatcher6","timestamp":"2025-08-08 11:45:45"}
{"level":"info","message":"Starting ThoughtCatcher6 server...","service":"thoughtcatcher6","timestamp":"2025-08-11 11:35:49"}
{"level":"debug","message":"Environment variables loaded","service":"thoughtcatcher6","timestamp":"2025-08-11 11:35:49"}
{"level":"debug","message":"NODE_ENV: development","service":"thoughtcatcher6","timestamp":"2025-08-11 11:35:49"}
{"level":"warn","message":"JWT_SECRET not found in env; using development default from config/keys.js","service":"thoughtcatcher6","timestamp":"2025-08-11 11:35:49"}
{"level":"debug","message":"JWT_SECRET: Set","service":"thoughtcatcher6","timestamp":"2025-08-11 11:35:49"}
{"level":"info","message":"Mongoose connected to DB","service":"thoughtcatcher6","timestamp":"2025-08-11 11:35:50"}
{"level":"info","message":"MongoDB connected successfully","service":"thoughtcatcher6","timestamp":"2025-08-11 11:35:50"}
{"level":"debug","message":"Connected to database: mongodb://localhost:27017/tc6","service":"thoughtcatcher6","timestamp":"2025-08-11 11:35:50"}
{"level":"http","message":"::1 - - [11/Aug/2025:15:40:24 +0000] \"OPTIONS /api/users/login HTTP/1.1\" 204 0 \"http://localhost:3670/\" \"Mozilla/5.0 (Windows NT 10.0; Win64; x64) AppleWebKit/537.36 (KHTML, like Gecko) Chrome/133.0.0.0 Safari/537.36\"","service":"thoughtcatcher6","timestamp":"2025-08-11 11:40:24"}
{"body":{"email":"jane@example.com","password":"mypass456"},"headers":{"accept":"*/*","accept-encoding":"gzip, deflate, br, zstd","accept-language":"en-US,en;q=0.9","connection":"keep-alive","content-length":"51","content-type":"application/json","host":"localhost:3671","origin":"http://localhost:3670","referer":"http://localhost:3670/","sec-ch-ua":"\"Chromium\";v=\"135\", \"Not:A Brand\";v=\"99\", \"Google Chrome\";v=\"135\"","sec-ch-ua-mobile":"?0","sec-ch-ua-platform":"\"macOS\"","sec-fetch-dest":"empty","sec-fetch-mode":"cors","sec-fetch-site":"same-site","user-agent":"Mozilla/5.0 (Windows NT 10.0; Win64; x64) AppleWebKit/537.36 (KHTML, like Gecko) Chrome/133.0.0.0 Safari/537.36"},"level":"debug","message":"Incoming request: POST /api/users/login","query":{},"service":"thoughtcatcher6","timestamp":"2025-08-11 11:40:24"}
{"level":"http","message":"::1 - - [11/Aug/2025:15:40:24 +0000] \"POST /api/users/login HTTP/1.1\" 200 287 \"http://localhost:3670/\" \"Mozilla/5.0 (Windows NT 10.0; Win64; x64) AppleWebKit/537.36 (KHTML, like Gecko) Chrome/133.0.0.0 Safari/537.36\"","service":"thoughtcatcher6","timestamp":"2025-08-11 11:40:24"}
{"level":"info","message":"Starting ThoughtCatcher6 server...","service":"thoughtcatcher6","timestamp":"2025-08-12 15:43:29"}
{"level":"debug","message":"Environment variables loaded","service":"thoughtcatcher6","timestamp":"2025-08-12 15:43:29"}
{"level":"debug","message":"NODE_ENV: development","service":"thoughtcatcher6","timestamp":"2025-08-12 15:43:29"}
{"level":"warn","message":"JWT_SECRET not found in env; using development default from config/keys.js","service":"thoughtcatcher6","timestamp":"2025-08-12 15:43:29"}
{"level":"debug","message":"JWT_SECRET: Set","service":"thoughtcatcher6","timestamp":"2025-08-12 15:43:29"}
{"level":"info","message":"Mongoose connected to DB","service":"thoughtcatcher6","timestamp":"2025-08-12 15:43:30"}
{"level":"info","message":"MongoDB connected successfully","service":"thoughtcatcher6","timestamp":"2025-08-12 15:43:30"}
{"level":"debug","message":"Connected to database: mongodb://localhost:27017/tc6","service":"thoughtcatcher6","timestamp":"2025-08-12 15:43:30"}
{"level":"info","message":"Starting ThoughtCatcher6 server...","service":"thoughtcatcher6","timestamp":"2025-08-12 17:04:46"}
{"level":"debug","message":"Environment variables loaded","service":"thoughtcatcher6","timestamp":"2025-08-12 17:04:46"}
{"level":"debug","message":"NODE_ENV: development","service":"thoughtcatcher6","timestamp":"2025-08-12 17:04:46"}
{"level":"warn","message":"JWT_SECRET not found in env; using development default from config/keys.js","service":"thoughtcatcher6","timestamp":"2025-08-12 17:04:46"}
{"level":"debug","message":"JWT_SECRET: Set","service":"thoughtcatcher6","timestamp":"2025-08-12 17:04:46"}
{"code":"MODULE_NOT_FOUND","level":"error","message":"Uncaught Exception: Cannot find module './routes/logs'\nRequire stack:\n- C:\\Repos\\TC6\\server\\index.js","requireStack":["C:\\Repos\\TC6\\server\\index.js"],"service":"thoughtcatcher6","stack":"Error: Cannot find module './routes/logs'\nRequire stack:\n- C:\\Repos\\TC6\\server\\index.js\n    at Function._resolveFilename (node:internal/modules/cjs/loader:1225:15)\n    at Function._load (node:internal/modules/cjs/loader:1055:27)\n    at TracingChannel.traceSync (node:diagnostics_channel:322:14)\n    at wrapModuleLoad (node:internal/modules/cjs/loader:220:24)\n    at Module.require (node:internal/modules/cjs/loader:1311:12)\n    at require (node:internal/modules/helpers:136:16)\n    at Object.<anonymous> (C:\\Repos\\TC6\\server\\index.js:88:22)\n    at Module._compile (node:internal/modules/cjs/loader:1554:14)\n    at Object..js (node:internal/modules/cjs/loader:1706:10)\n    at Module.load (node:internal/modules/cjs/loader:1289:32)","timestamp":"2025-08-12 17:04:47"}
{"level":"info","message":"Mongoose connected to DB","service":"thoughtcatcher6","timestamp":"2025-08-12 17:04:47"}
{"level":"info","message":"MongoDB connected successfully","service":"thoughtcatcher6","timestamp":"2025-08-12 17:04:47"}
{"level":"debug","message":"Connected to database: mongodb://localhost:27017/tc6","service":"thoughtcatcher6","timestamp":"2025-08-12 17:04:47"}
{"level":"warn","message":"Mongoose disconnected from DB","service":"thoughtcatcher6","timestamp":"2025-08-12 22:22:34"}
{"level":"info","message":"Starting ThoughtCatcher6 server...","service":"thoughtcatcher6","timestamp":"2025-08-13 10:41:33"}
{"level":"debug","message":"Environment variables loaded","service":"thoughtcatcher6","timestamp":"2025-08-13 10:41:33"}
{"level":"debug","message":"NODE_ENV: development","service":"thoughtcatcher6","timestamp":"2025-08-13 10:41:33"}
{"level":"warn","message":"JWT_SECRET not found in env; using development default from config/keys.js","service":"thoughtcatcher6","timestamp":"2025-08-13 10:41:33"}
{"level":"debug","message":"JWT_SECRET: Set","service":"thoughtcatcher6","timestamp":"2025-08-13 10:41:33"}
{"code":"MODULE_NOT_FOUND","level":"error","message":"Uncaught Exception: Cannot find module './routes/logs'\nRequire stack:\n- C:\\Repos\\TC6\\server\\index.js","requireStack":["C:\\Repos\\TC6\\server\\index.js"],"service":"thoughtcatcher6","stack":"Error: Cannot find module './routes/logs'\nRequire stack:\n- C:\\Repos\\TC6\\server\\index.js\n    at Function._resolveFilename (node:internal/modules/cjs/loader:1225:15)\n    at Function._load (node:internal/modules/cjs/loader:1055:27)\n    at TracingChannel.traceSync (node:diagnostics_channel:322:14)\n    at wrapModuleLoad (node:internal/modules/cjs/loader:220:24)\n    at Module.require (node:internal/modules/cjs/loader:1311:12)\n    at require (node:internal/modules/helpers:136:16)\n    at Object.<anonymous> (C:\\Repos\\TC6\\server\\index.js:88:22)\n    at Module._compile (node:internal/modules/cjs/loader:1554:14)\n    at Object..js (node:internal/modules/cjs/loader:1706:10)\n    at Module.load (node:internal/modules/cjs/loader:1289:32)","timestamp":"2025-08-13 10:41:33"}
{"level":"info","message":"Mongoose connected to DB","service":"thoughtcatcher6","timestamp":"2025-08-13 10:41:33"}
{"level":"info","message":"MongoDB connected successfully","service":"thoughtcatcher6","timestamp":"2025-08-13 10:41:33"}
{"level":"debug","message":"Connected to database: mongodb://localhost:27017/tc6","service":"thoughtcatcher6","timestamp":"2025-08-13 10:41:33"}
{"level":"info","message":"Starting ThoughtCatcher6 server...","service":"thoughtcatcher6","timestamp":"2025-08-13 13:50:41"}
{"level":"debug","message":"Environment variables loaded","service":"thoughtcatcher6","timestamp":"2025-08-13 13:50:41"}
{"level":"debug","message":"NODE_ENV: development","service":"thoughtcatcher6","timestamp":"2025-08-13 13:50:41"}
{"level":"warn","message":"JWT_SECRET not found in env; using development default from config/keys.js","service":"thoughtcatcher6","timestamp":"2025-08-13 13:50:41"}
{"level":"debug","message":"JWT_SECRET: Set","service":"thoughtcatcher6","timestamp":"2025-08-13 13:50:41"}
{"code":"MODULE_NOT_FOUND","level":"error","message":"Uncaught Exception: Cannot find module './routes/logs'\nRequire stack:\n- C:\\Repos\\TC6\\server\\index.js","requireStack":["C:\\Repos\\TC6\\server\\index.js"],"service":"thoughtcatcher6","stack":"Error: Cannot find module './routes/logs'\nRequire stack:\n- C:\\Repos\\TC6\\server\\index.js\n    at Function._resolveFilename (node:internal/modules/cjs/loader:1225:15)\n    at Function._load (node:internal/modules/cjs/loader:1055:27)\n    at TracingChannel.traceSync (node:diagnostics_channel:322:14)\n    at wrapModuleLoad (node:internal/modules/cjs/loader:220:24)\n    at Module.require (node:internal/modules/cjs/loader:1311:12)\n    at require (node:internal/modules/helpers:136:16)\n    at Object.<anonymous> (C:\\Repos\\TC6\\server\\index.js:88:22)\n    at Module._compile (node:internal/modules/cjs/loader:1554:14)\n    at Object..js (node:internal/modules/cjs/loader:1706:10)\n    at Module.load (node:internal/modules/cjs/loader:1289:32)","timestamp":"2025-08-13 13:50:41"}
{"level":"info","message":"Mongoose connected to DB","service":"thoughtcatcher6","timestamp":"2025-08-13 13:50:41"}
{"level":"info","message":"MongoDB connected successfully","service":"thoughtcatcher6","timestamp":"2025-08-13 13:50:41"}
{"level":"debug","message":"Connected to database: mongodb://localhost:27017/tc6","service":"thoughtcatcher6","timestamp":"2025-08-13 13:50:41"}
{"level":"info","message":"Starting ThoughtCatcher6 server...","service":"thoughtcatcher6","timestamp":"2025-08-13 13:58:06"}
{"level":"debug","message":"Environment variables loaded","service":"thoughtcatcher6","timestamp":"2025-08-13 13:58:06"}
{"level":"debug","message":"NODE_ENV: development","service":"thoughtcatcher6","timestamp":"2025-08-13 13:58:06"}
{"level":"warn","message":"JWT_SECRET not found in env; using development default from config/keys.js","service":"thoughtcatcher6","timestamp":"2025-08-13 13:58:06"}
{"level":"debug","message":"JWT_SECRET: Set","service":"thoughtcatcher6","timestamp":"2025-08-13 13:58:06"}
{"code":"MODULE_NOT_FOUND","level":"error","message":"Uncaught Exception: Cannot find module './routes/logs'\nRequire stack:\n- C:\\Repos\\TC6\\server\\index.js","requireStack":["C:\\Repos\\TC6\\server\\index.js"],"service":"thoughtcatcher6","stack":"Error: Cannot find module './routes/logs'\nRequire stack:\n- C:\\Repos\\TC6\\server\\index.js\n    at Function._resolveFilename (node:internal/modules/cjs/loader:1225:15)\n    at Function._load (node:internal/modules/cjs/loader:1055:27)\n    at TracingChannel.traceSync (node:diagnostics_channel:322:14)\n    at wrapModuleLoad (node:internal/modules/cjs/loader:220:24)\n    at Module.require (node:internal/modules/cjs/loader:1311:12)\n    at require (node:internal/modules/helpers:136:16)\n    at Object.<anonymous> (C:\\Repos\\TC6\\server\\index.js:88:22)\n    at Module._compile (node:internal/modules/cjs/loader:1554:14)\n    at Object..js (node:internal/modules/cjs/loader:1706:10)\n    at Module.load (node:internal/modules/cjs/loader:1289:32)","timestamp":"2025-08-13 13:58:06"}
{"level":"info","message":"Mongoose connected to DB","service":"thoughtcatcher6","timestamp":"2025-08-13 13:58:06"}
{"level":"info","message":"MongoDB connected successfully","service":"thoughtcatcher6","timestamp":"2025-08-13 13:58:06"}
{"level":"debug","message":"Connected to database: mongodb://localhost:27017/tc6","service":"thoughtcatcher6","timestamp":"2025-08-13 13:58:06"}
{"level":"info","message":"Starting ThoughtCatcher6 server...","service":"thoughtcatcher6","timestamp":"2025-08-14 09:57:40"}
{"level":"debug","message":"Environment variables loaded","service":"thoughtcatcher6","timestamp":"2025-08-14 09:57:40"}
{"level":"debug","message":"NODE_ENV: development","service":"thoughtcatcher6","timestamp":"2025-08-14 09:57:40"}
{"level":"warn","message":"JWT_SECRET not found in env; using development default from config/keys.js","service":"thoughtcatcher6","timestamp":"2025-08-14 09:57:40"}
{"level":"debug","message":"JWT_SECRET: Set","service":"thoughtcatcher6","timestamp":"2025-08-14 09:57:40"}
{"code":"MODULE_NOT_FOUND","level":"error","message":"Uncaught Exception: Cannot find module './routes/logs'\nRequire stack:\n- C:\\Repos\\TC6\\server\\index.js","requireStack":["C:\\Repos\\TC6\\server\\index.js"],"service":"thoughtcatcher6","stack":"Error: Cannot find module './routes/logs'\nRequire stack:\n- C:\\Repos\\TC6\\server\\index.js\n    at Function._resolveFilename (node:internal/modules/cjs/loader:1225:15)\n    at Function._load (node:internal/modules/cjs/loader:1055:27)\n    at TracingChannel.traceSync (node:diagnostics_channel:322:14)\n    at wrapModuleLoad (node:internal/modules/cjs/loader:220:24)\n    at Module.require (node:internal/modules/cjs/loader:1311:12)\n    at require (node:internal/modules/helpers:136:16)\n    at Object.<anonymous> (C:\\Repos\\TC6\\server\\index.js:88:22)\n    at Module._compile (node:internal/modules/cjs/loader:1554:14)\n    at Object..js (node:internal/modules/cjs/loader:1706:10)\n    at Module.load (node:internal/modules/cjs/loader:1289:32)","timestamp":"2025-08-14 09:57:40"}
{"level":"info","message":"Mongoose connected to DB","service":"thoughtcatcher6","timestamp":"2025-08-14 09:57:40"}
{"level":"info","message":"MongoDB connected successfully","service":"thoughtcatcher6","timestamp":"2025-08-14 09:57:40"}
{"level":"debug","message":"Connected to database: mongodb://localhost:27017/tc6","service":"thoughtcatcher6","timestamp":"2025-08-14 09:57:40"}
{"level":"info","message":"Starting ThoughtCatcher6 server...","service":"thoughtcatcher6","timestamp":"2025-08-14 09:59:31"}
{"level":"debug","message":"Environment variables loaded","service":"thoughtcatcher6","timestamp":"2025-08-14 09:59:31"}
{"level":"debug","message":"NODE_ENV: development","service":"thoughtcatcher6","timestamp":"2025-08-14 09:59:31"}
{"level":"warn","message":"JWT_SECRET not found in env; using development default from config/keys.js","service":"thoughtcatcher6","timestamp":"2025-08-14 09:59:31"}
{"level":"debug","message":"JWT_SECRET: Set","service":"thoughtcatcher6","timestamp":"2025-08-14 09:59:31"}
{"code":"MODULE_NOT_FOUND","level":"error","message":"Uncaught Exception: Cannot find module './routes/logs'\nRequire stack:\n- C:\\Repos\\TC6\\server\\index.js","requireStack":["C:\\Repos\\TC6\\server\\index.js"],"service":"thoughtcatcher6","stack":"Error: Cannot find module './routes/logs'\nRequire stack:\n- C:\\Repos\\TC6\\server\\index.js\n    at Function._resolveFilename (node:internal/modules/cjs/loader:1225:15)\n    at Function._load (node:internal/modules/cjs/loader:1055:27)\n    at TracingChannel.traceSync (node:diagnostics_channel:322:14)\n    at wrapModuleLoad (node:internal/modules/cjs/loader:220:24)\n    at Module.require (node:internal/modules/cjs/loader:1311:12)\n    at require (node:internal/modules/helpers:136:16)\n    at Object.<anonymous> (C:\\Repos\\TC6\\server\\index.js:88:22)\n    at Module._compile (node:internal/modules/cjs/loader:1554:14)\n    at Object..js (node:internal/modules/cjs/loader:1706:10)\n    at Module.load (node:internal/modules/cjs/loader:1289:32)","timestamp":"2025-08-14 09:59:31"}
{"level":"info","message":"Mongoose connected to DB","service":"thoughtcatcher6","timestamp":"2025-08-14 09:59:31"}
{"level":"info","message":"MongoDB connected successfully","service":"thoughtcatcher6","timestamp":"2025-08-14 09:59:31"}
{"level":"debug","message":"Connected to database: mongodb://localhost:27017/tc6","service":"thoughtcatcher6","timestamp":"2025-08-14 09:59:31"}
{"level":"info","message":"Starting ThoughtCatcher6 server...","service":"thoughtcatcher6","timestamp":"2025-08-14 10:00:54"}
{"level":"debug","message":"Environment variables loaded","service":"thoughtcatcher6","timestamp":"2025-08-14 10:00:54"}
{"level":"debug","message":"NODE_ENV: development","service":"thoughtcatcher6","timestamp":"2025-08-14 10:00:54"}
{"level":"warn","message":"JWT_SECRET not found in env; using development default from config/keys.js","service":"thoughtcatcher6","timestamp":"2025-08-14 10:00:54"}
{"level":"debug","message":"JWT_SECRET: Set","service":"thoughtcatcher6","timestamp":"2025-08-14 10:00:54"}
{"code":"MODULE_NOT_FOUND","level":"error","message":"Uncaught Exception: Cannot find module '../middleware/auth'\nRequire stack:\n- C:\\Repos\\TC6\\server\\src\\routes\\logs.js\n- C:\\Repos\\TC6\\server\\index.js","requireStack":["C:\\Repos\\TC6\\server\\src\\routes\\logs.js","C:\\Repos\\TC6\\server\\index.js"],"service":"thoughtcatcher6","stack":"Error: Cannot find module '../middleware/auth'\nRequire stack:\n- C:\\Repos\\TC6\\server\\src\\routes\\logs.js\n- C:\\Repos\\TC6\\server\\index.js\n    at Function._resolveFilename (node:internal/modules/cjs/loader:1225:15)\n    at Function._load (node:internal/modules/cjs/loader:1055:27)\n    at TracingChannel.traceSync (node:diagnostics_channel:322:14)\n    at wrapModuleLoad (node:internal/modules/cjs/loader:220:24)\n    at Module.require (node:internal/modules/cjs/loader:1311:12)\n    at require (node:internal/modules/helpers:136:16)\n    at Object.<anonymous> (C:\\Repos\\TC6\\server\\src\\routes\\logs.js:4:14)\n    at Module._compile (node:internal/modules/cjs/loader:1554:14)\n    at Object..js (node:internal/modules/cjs/loader:1706:10)\n    at Module.load (node:internal/modules/cjs/loader:1289:32)","timestamp":"2025-08-14 10:00:54"}
{"level":"info","message":"Mongoose connected to DB","service":"thoughtcatcher6","timestamp":"2025-08-14 10:00:54"}
{"level":"info","message":"MongoDB connected successfully","service":"thoughtcatcher6","timestamp":"2025-08-14 10:00:54"}
{"level":"debug","message":"Connected to database: mongodb://localhost:27017/tc6","service":"thoughtcatcher6","timestamp":"2025-08-14 10:00:54"}
{"level":"info","message":"Starting ThoughtCatcher6 server...","service":"thoughtcatcher6","timestamp":"2025-08-15 11:13:29"}
{"level":"debug","message":"Environment variables loaded","service":"thoughtcatcher6","timestamp":"2025-08-15 11:13:29"}
{"level":"debug","message":"NODE_ENV: development","service":"thoughtcatcher6","timestamp":"2025-08-15 11:13:29"}
{"level":"warn","message":"JWT_SECRET not found in env; using development default from config/keys.js","service":"thoughtcatcher6","timestamp":"2025-08-15 11:13:29"}
{"level":"debug","message":"JWT_SECRET: Set","service":"thoughtcatcher6","timestamp":"2025-08-15 11:13:29"}
{"code":"MODULE_NOT_FOUND","level":"error","message":"Uncaught Exception: Cannot find module './routes/logs'\nRequire stack:\n- C:\\Repos\\TC6\\server\\index.js","requireStack":["C:\\Repos\\TC6\\server\\index.js"],"service":"thoughtcatcher6","stack":"Error: Cannot find module './routes/logs'\nRequire stack:\n- C:\\Repos\\TC6\\server\\index.js\n    at Function._resolveFilename (node:internal/modules/cjs/loader:1225:15)\n    at Function._load (node:internal/modules/cjs/loader:1055:27)\n    at TracingChannel.traceSync (node:diagnostics_channel:322:14)\n    at wrapModuleLoad (node:internal/modules/cjs/loader:220:24)\n    at Module.require (node:internal/modules/cjs/loader:1311:12)\n    at require (node:internal/modules/helpers:136:16)\n    at Object.<anonymous> (C:\\Repos\\TC6\\server\\index.js:88:22)\n    at Module._compile (node:internal/modules/cjs/loader:1554:14)\n    at Object..js (node:internal/modules/cjs/loader:1706:10)\n    at Module.load (node:internal/modules/cjs/loader:1289:32)","timestamp":"2025-08-15 11:13:29"}
{"level":"info","message":"Mongoose connected to DB","service":"thoughtcatcher6","timestamp":"2025-08-15 11:13:29"}
{"level":"info","message":"MongoDB connected successfully","service":"thoughtcatcher6","timestamp":"2025-08-15 11:13:29"}
{"level":"debug","message":"Connected to database: mongodb://localhost:27017/tc6","service":"thoughtcatcher6","timestamp":"2025-08-15 11:13:29"}
{"level":"info","message":"Starting ThoughtCatcher6 server...","service":"thoughtcatcher6","timestamp":"2025-08-15 12:59:36"}
{"level":"debug","message":"Environment variables loaded","service":"thoughtcatcher6","timestamp":"2025-08-15 12:59:36"}
{"level":"debug","message":"NODE_ENV: development","service":"thoughtcatcher6","timestamp":"2025-08-15 12:59:36"}
{"level":"warn","message":"JWT_SECRET not found in env; using development default from config/keys.js","service":"thoughtcatcher6","timestamp":"2025-08-15 12:59:36"}
{"level":"debug","message":"JWT_SECRET: Set","service":"thoughtcatcher6","timestamp":"2025-08-15 12:59:36"}
{"code":"MODULE_NOT_FOUND","level":"error","message":"Uncaught Exception: Cannot find module './routes/logs'\nRequire stack:\n- C:\\Repos\\TC6\\server\\index.js","requireStack":["C:\\Repos\\TC6\\server\\index.js"],"service":"thoughtcatcher6","stack":"Error: Cannot find module './routes/logs'\nRequire stack:\n- C:\\Repos\\TC6\\server\\index.js\n    at Function._resolveFilename (node:internal/modules/cjs/loader:1225:15)\n    at Function._load (node:internal/modules/cjs/loader:1055:27)\n    at TracingChannel.traceSync (node:diagnostics_channel:322:14)\n    at wrapModuleLoad (node:internal/modules/cjs/loader:220:24)\n    at Module.require (node:internal/modules/cjs/loader:1311:12)\n    at require (node:internal/modules/helpers:136:16)\n    at Object.<anonymous> (C:\\Repos\\TC6\\server\\index.js:88:22)\n    at Module._compile (node:internal/modules/cjs/loader:1554:14)\n    at Object..js (node:internal/modules/cjs/loader:1706:10)\n    at Module.load (node:internal/modules/cjs/loader:1289:32)","timestamp":"2025-08-15 12:59:36"}
{"level":"info","message":"Mongoose connected to DB","service":"thoughtcatcher6","timestamp":"2025-08-15 12:59:36"}
{"level":"info","message":"MongoDB connected successfully","service":"thoughtcatcher6","timestamp":"2025-08-15 12:59:36"}
{"level":"debug","message":"Connected to database: mongodb://localhost:27017/tc6","service":"thoughtcatcher6","timestamp":"2025-08-15 12:59:36"}
{"level":"info","message":"Starting ThoughtCatcher6 server...","service":"thoughtcatcher6","timestamp":"2025-08-16 10:07:22"}
{"level":"debug","message":"Environment variables loaded","service":"thoughtcatcher6","timestamp":"2025-08-16 10:07:22"}
{"level":"debug","message":"NODE_ENV: development","service":"thoughtcatcher6","timestamp":"2025-08-16 10:07:22"}
{"level":"warn","message":"JWT_SECRET not found in env; using development default from config/keys.js","service":"thoughtcatcher6","timestamp":"2025-08-16 10:07:22"}
{"level":"debug","message":"JWT_SECRET: Set","service":"thoughtcatcher6","timestamp":"2025-08-16 10:07:22"}
{"code":"MODULE_NOT_FOUND","level":"error","message":"Uncaught Exception: Cannot find module './routes/logs'\nRequire stack:\n- C:\\Repos\\TC6\\server\\index.js","requireStack":["C:\\Repos\\TC6\\server\\index.js"],"service":"thoughtcatcher6","stack":"Error: Cannot find module './routes/logs'\nRequire stack:\n- C:\\Repos\\TC6\\server\\index.js\n    at Function._resolveFilename (node:internal/modules/cjs/loader:1225:15)\n    at Function._load (node:internal/modules/cjs/loader:1055:27)\n    at TracingChannel.traceSync (node:diagnostics_channel:322:14)\n    at wrapModuleLoad (node:internal/modules/cjs/loader:220:24)\n    at Module.require (node:internal/modules/cjs/loader:1311:12)\n    at require (node:internal/modules/helpers:136:16)\n    at Object.<anonymous> (C:\\Repos\\TC6\\server\\index.js:88:22)\n    at Module._compile (node:internal/modules/cjs/loader:1554:14)\n    at Object..js (node:internal/modules/cjs/loader:1706:10)\n    at Module.load (node:internal/modules/cjs/loader:1289:32)","timestamp":"2025-08-16 10:07:22"}
{"level":"info","message":"Mongoose connected to DB","service":"thoughtcatcher6","timestamp":"2025-08-16 10:07:22"}
{"level":"info","message":"MongoDB connected successfully","service":"thoughtcatcher6","timestamp":"2025-08-16 10:07:22"}
{"level":"debug","message":"Connected to database: mongodb://localhost:27017/tc6","service":"thoughtcatcher6","timestamp":"2025-08-16 10:07:22"}
{"level":"info","message":"Starting ThoughtCatcher6 server...","service":"thoughtcatcher6","timestamp":"2025-08-17 08:34:40"}
{"level":"debug","message":"Environment variables loaded","service":"thoughtcatcher6","timestamp":"2025-08-17 08:34:40"}
{"level":"debug","message":"NODE_ENV: development","service":"thoughtcatcher6","timestamp":"2025-08-17 08:34:40"}
{"level":"warn","message":"JWT_SECRET not found in env; using development default from config/keys.js","service":"thoughtcatcher6","timestamp":"2025-08-17 08:34:40"}
{"level":"debug","message":"JWT_SECRET: Set","service":"thoughtcatcher6","timestamp":"2025-08-17 08:34:40"}
{"code":"MODULE_NOT_FOUND","level":"error","message":"Uncaught Exception: Cannot find module './routes/logs'\nRequire stack:\n- C:\\Repos\\TC6\\server\\index.js","requireStack":["C:\\Repos\\TC6\\server\\index.js"],"service":"thoughtcatcher6","stack":"Error: Cannot find module './routes/logs'\nRequire stack:\n- C:\\Repos\\TC6\\server\\index.js\n    at Function._resolveFilename (node:internal/modules/cjs/loader:1225:15)\n    at Function._load (node:internal/modules/cjs/loader:1055:27)\n    at TracingChannel.traceSync (node:diagnostics_channel:322:14)\n    at wrapModuleLoad (node:internal/modules/cjs/loader:220:24)\n    at Module.require (node:internal/modules/cjs/loader:1311:12)\n    at require (node:internal/modules/helpers:136:16)\n    at Object.<anonymous> (C:\\Repos\\TC6\\server\\index.js:88:22)\n    at Module._compile (node:internal/modules/cjs/loader:1554:14)\n    at Object..js (node:internal/modules/cjs/loader:1706:10)\n    at Module.load (node:internal/modules/cjs/loader:1289:32)","timestamp":"2025-08-17 08:34:40"}
{"level":"info","message":"Mongoose connected to DB","service":"thoughtcatcher6","timestamp":"2025-08-17 08:34:40"}
{"level":"info","message":"MongoDB connected successfully","service":"thoughtcatcher6","timestamp":"2025-08-17 08:34:40"}
{"level":"debug","message":"Connected to database: mongodb://localhost:27017/tc6","service":"thoughtcatcher6","timestamp":"2025-08-17 08:34:40"}
{"level":"info","message":"Starting ThoughtCatcher6 server...","service":"thoughtcatcher6","timestamp":"2025-08-17 08:49:18"}
{"level":"debug","message":"Environment variables loaded","service":"thoughtcatcher6","timestamp":"2025-08-17 08:49:18"}
{"level":"debug","message":"NODE_ENV: development","service":"thoughtcatcher6","timestamp":"2025-08-17 08:49:18"}
{"level":"warn","message":"JWT_SECRET not found in env; using development default from config/keys.js","service":"thoughtcatcher6","timestamp":"2025-08-17 08:49:18"}
{"level":"debug","message":"JWT_SECRET: Set","service":"thoughtcatcher6","timestamp":"2025-08-17 08:49:18"}
{"code":"MODULE_NOT_FOUND","level":"error","message":"Uncaught Exception: Cannot find module './routes/logs'\nRequire stack:\n- C:\\Repos\\TC6\\server\\index.js","requireStack":["C:\\Repos\\TC6\\server\\index.js"],"service":"thoughtcatcher6","stack":"Error: Cannot find module './routes/logs'\nRequire stack:\n- C:\\Repos\\TC6\\server\\index.js\n    at Function._resolveFilename (node:internal/modules/cjs/loader:1225:15)\n    at Function._load (node:internal/modules/cjs/loader:1055:27)\n    at TracingChannel.traceSync (node:diagnostics_channel:322:14)\n    at wrapModuleLoad (node:internal/modules/cjs/loader:220:24)\n    at Module.require (node:internal/modules/cjs/loader:1311:12)\n    at require (node:internal/modules/helpers:136:16)\n    at Object.<anonymous> (C:\\Repos\\TC6\\server\\index.js:88:22)\n    at Module._compile (node:internal/modules/cjs/loader:1554:14)\n    at Object..js (node:internal/modules/cjs/loader:1706:10)\n    at Module.load (node:internal/modules/cjs/loader:1289:32)","timestamp":"2025-08-17 08:49:18"}
{"level":"info","message":"Mongoose connected to DB","service":"thoughtcatcher6","timestamp":"2025-08-17 08:49:18"}
{"level":"info","message":"MongoDB connected successfully","service":"thoughtcatcher6","timestamp":"2025-08-17 08:49:18"}
{"level":"debug","message":"Connected to database: mongodb://localhost:27017/tc6","service":"thoughtcatcher6","timestamp":"2025-08-17 08:49:18"}
{"level":"info","message":"Starting ThoughtCatcher6 server...","service":"thoughtcatcher6","timestamp":"2025-08-17 12:07:48"}
{"level":"debug","message":"Environment variables loaded","service":"thoughtcatcher6","timestamp":"2025-08-17 12:07:48"}
{"level":"debug","message":"NODE_ENV: development","service":"thoughtcatcher6","timestamp":"2025-08-17 12:07:48"}
{"level":"warn","message":"JWT_SECRET not found in env; using development default from config/keys.js","service":"thoughtcatcher6","timestamp":"2025-08-17 12:07:48"}
{"level":"debug","message":"JWT_SECRET: Set","service":"thoughtcatcher6","timestamp":"2025-08-17 12:07:48"}
{"code":"MODULE_NOT_FOUND","level":"error","message":"Uncaught Exception: Cannot find module './routes/logs'\nRequire stack:\n- C:\\Repos\\TC6\\server\\index.js","requireStack":["C:\\Repos\\TC6\\server\\index.js"],"service":"thoughtcatcher6","stack":"Error: Cannot find module './routes/logs'\nRequire stack:\n- C:\\Repos\\TC6\\server\\index.js\n    at Function._resolveFilename (node:internal/modules/cjs/loader:1225:15)\n    at Function._load (node:internal/modules/cjs/loader:1055:27)\n    at TracingChannel.traceSync (node:diagnostics_channel:322:14)\n    at wrapModuleLoad (node:internal/modules/cjs/loader:220:24)\n    at Module.require (node:internal/modules/cjs/loader:1311:12)\n    at require (node:internal/modules/helpers:136:16)\n    at Object.<anonymous> (C:\\Repos\\TC6\\server\\index.js:88:22)\n    at Module._compile (node:internal/modules/cjs/loader:1554:14)\n    at Object..js (node:internal/modules/cjs/loader:1706:10)\n    at Module.load (node:internal/modules/cjs/loader:1289:32)","timestamp":"2025-08-17 12:07:48"}
{"level":"info","message":"Mongoose connected to DB","service":"thoughtcatcher6","timestamp":"2025-08-17 12:07:48"}
{"level":"info","message":"MongoDB connected successfully","service":"thoughtcatcher6","timestamp":"2025-08-17 12:07:48"}
{"level":"debug","message":"Connected to database: mongodb://localhost:27017/tc6","service":"thoughtcatcher6","timestamp":"2025-08-17 12:07:48"}
{"level":"info","message":"Starting ThoughtCatcher6 server...","service":"thoughtcatcher6","timestamp":"2025-08-17 12:13:03"}
{"level":"debug","message":"Environment variables loaded","service":"thoughtcatcher6","timestamp":"2025-08-17 12:13:03"}
{"level":"debug","message":"NODE_ENV: development","service":"thoughtcatcher6","timestamp":"2025-08-17 12:13:03"}
{"level":"warn","message":"JWT_SECRET not found in env; using development default from config/keys.js","service":"thoughtcatcher6","timestamp":"2025-08-17 12:13:03"}
{"level":"debug","message":"JWT_SECRET: Set","service":"thoughtcatcher6","timestamp":"2025-08-17 12:13:03"}
{"level":"info","message":"Mongoose connected to DB","service":"thoughtcatcher6","timestamp":"2025-08-17 12:13:03"}
{"level":"info","message":"MongoDB connected successfully","service":"thoughtcatcher6","timestamp":"2025-08-17 12:13:03"}
{"level":"debug","message":"Connected to database: mongodb://localhost:27017/tc6","service":"thoughtcatcher6","timestamp":"2025-08-17 12:13:03"}
